<?xml version="1.0" encoding="UTF-8"?>
<!-- Generated by org.testng.reporters.JUnitReportReporter -->
<testsuite hostname="INBLRWHF71883G2" name="com.servicenow.testscripts.change.tests" tests="3" failures="0" timestamp="7 Nov 2019 10:34:05 GMT" time="16.136" errors="0">
  <testcase name="createchange" time="4.574" classname="com.servicenow.testscripts.change.tests"/>
  <testcase name="login" time="6.645" classname="com.servicenow.testscripts.change.tests"/>
  <testcase name="searchchange" time="4.917" classname="com.servicenow.testscripts.change.tests"/>
</testsuite> <!-- com.servicenow.testscripts.change.tests -->
