<?xml version="1.0" encoding="UTF-8"?>
<!-- Generated by org.testng.reporters.JUnitReportReporter -->
<testsuite hostname="INBLRWHF71883G2" name="com.servicenow.testscripts.incident.testinc" tests="3" failures="0" timestamp="7 Nov 2019 10:34:05 GMT" time="13.325" errors="0">
  <testcase name="openinc" time="4.468" classname="com.servicenow.testscripts.incident.testinc"/>
  <testcase name="statepending" time="4.303" classname="com.servicenow.testscripts.incident.testinc"/>
  <testcase name="stateresolved" time="4.554" classname="com.servicenow.testscripts.incident.testinc"/>
</testsuite> <!-- com.servicenow.testscripts.incident.testinc -->
