<?xml version="1.0" encoding="UTF-8"?>
<!-- Generated by org.testng.reporters.JUnitReportReporter -->
<testsuite hostname="INBLRWHF71883G2" name="com.servicenow.testscripts.change.tests" tests="3" failures="0" timestamp="7 Nov 2019 10:24:56 GMT" time="15.787" errors="0">
  <testcase name="searchchange" time="5.037" classname="com.servicenow.testscripts.change.tests"/>
  <testcase name="login" time="4.434" classname="com.servicenow.testscripts.change.tests"/>
  <testcase name="createchange" time="6.316" classname="com.servicenow.testscripts.change.tests"/>
</testsuite> <!-- com.servicenow.testscripts.change.tests -->
